<?xml version="1.0" encoding="UTF-8" ?>

<testsuite failures="0" time="6.993" errors="0" skipped="0" tests="7" name="play.module.neo4j.ModelTest">
  <testcase classname="play.module.neo4j.ModelTest" name="createObjectTest" time="0.004">
      </testcase>
  <testcase classname="play.module.neo4j.ModelTest" name="gettterSetterTest" time="0.126">
      </testcase>
  <testcase classname="play.module.neo4j.ModelTest" name="shouldBeSaveTest" time="0.124">
      </testcase>
  <testcase classname="play.module.neo4j.ModelTest" name="saveTest" time="0.035">
      </testcase>
  <testcase classname="play.module.neo4j.ModelTest" name="getByKeyTest" time="0.155">
      </testcase>
  <testcase classname="play.module.neo4j.ModelTest" name="indexTest" time="6.283">
      </testcase>
  <testcase classname="play.module.neo4j.ModelTest" name="deleteTest" time="0.266">
      </testcase>
</testsuite>
