<?xml version="1.0" encoding="UTF-8" ?>

<testsuite failures="0" time="4.139" errors="0" skipped="0" tests="1" name="play.module.neo4j.DatabaseTest">
  <testcase classname="play.module.neo4j.DatabaseTest" name="deleteDbTest" time="4.139">
      </testcase>
</testsuite>
